Determining if the pthread_create exist failed with the following output:
Change Dir: /home/level-3/SFND/SFND_Lidar_Obstacle_Detection/src/quiz/ransac/build/CMakeFiles/CMakeTmp

Run Build Command:"/usr/bin/make" "cmTC_5125d/fast"
/usr/bin/make -f CMakeFiles/cmTC_5125d.dir/build.make CMakeFiles/cmTC_5125d.dir/build
make[1]: Entering directory '/home/level-3/SFND/SFND_Lidar_Obstacle_Detection/src/quiz/ransac/build/CMakeFiles/CMakeTmp'
Building C object CMakeFiles/cmTC_5125d.dir/CheckSymbolExists.c.o
/usr/lib/ccache/cc    -o CMakeFiles/cmTC_5125d.dir/CheckSymbolExists.c.o   -c /home/level-3/SFND/SFND_Lidar_Obstacle_Detection/src/quiz/ransac/build/CMakeFiles/CMakeTmp/CheckSymbolExists.c
Linking C executable cmTC_5125d
/usr/bin/cmake -E cmake_link_script CMakeFiles/cmTC_5125d.dir/link.txt --verbose=1
/usr/lib/ccache/cc      -rdynamic CMakeFiles/cmTC_5125d.dir/CheckSymbolExists.c.o  -o cmTC_5125d 
CMakeFiles/cmTC_5125d.dir/CheckSymbolExists.c.o: In function `main':
CheckSymbolExists.c:(.text+0x1b): undefined reference to `pthread_create'
collect2: error: ld returned 1 exit status
CMakeFiles/cmTC_5125d.dir/build.make:97: recipe for target 'cmTC_5125d' failed
make[1]: *** [cmTC_5125d] Error 1
make[1]: Leaving directory '/home/level-3/SFND/SFND_Lidar_Obstacle_Detection/src/quiz/ransac/build/CMakeFiles/CMakeTmp'
Makefile:126: recipe for target 'cmTC_5125d/fast' failed
make: *** [cmTC_5125d/fast] Error 2

File /home/level-3/SFND/SFND_Lidar_Obstacle_Detection/src/quiz/ransac/build/CMakeFiles/CMakeTmp/CheckSymbolExists.c:
/* */
#include <pthread.h>

int main(int argc, char** argv)
{
  (void)argv;
#ifndef pthread_create
  return ((int*)(&pthread_create))[argc];
#else
  (void)argc;
  return 0;
#endif
}

Determining if the function pthread_create exists in the pthreads failed with the following output:
Change Dir: /home/level-3/SFND/SFND_Lidar_Obstacle_Detection/src/quiz/ransac/build/CMakeFiles/CMakeTmp

Run Build Command:"/usr/bin/make" "cmTC_6ed03/fast"
/usr/bin/make -f CMakeFiles/cmTC_6ed03.dir/build.make CMakeFiles/cmTC_6ed03.dir/build
make[1]: Entering directory '/home/level-3/SFND/SFND_Lidar_Obstacle_Detection/src/quiz/ransac/build/CMakeFiles/CMakeTmp'
Building C object CMakeFiles/cmTC_6ed03.dir/CheckFunctionExists.c.o
/usr/lib/ccache/cc   -DCHECK_FUNCTION_EXISTS=pthread_create   -o CMakeFiles/cmTC_6ed03.dir/CheckFunctionExists.c.o   -c /usr/share/cmake-3.10/Modules/CheckFunctionExists.c
Linking C executable cmTC_6ed03
/usr/bin/cmake -E cmake_link_script CMakeFiles/cmTC_6ed03.dir/link.txt --verbose=1
/usr/lib/ccache/cc  -DCHECK_FUNCTION_EXISTS=pthread_create    -rdynamic CMakeFiles/cmTC_6ed03.dir/CheckFunctionExists.c.o  -o cmTC_6ed03 -lpthreads 
/usr/bin/ld: cannot find -lpthreads
collect2: error: ld returned 1 exit status
CMakeFiles/cmTC_6ed03.dir/build.make:97: recipe for target 'cmTC_6ed03' failed
make[1]: *** [cmTC_6ed03] Error 1
make[1]: Leaving directory '/home/level-3/SFND/SFND_Lidar_Obstacle_Detection/src/quiz/ransac/build/CMakeFiles/CMakeTmp'
Makefile:126: recipe for target 'cmTC_6ed03/fast' failed
make: *** [cmTC_6ed03/fast] Error 2


